<webresult>
  <result>OK</result>
  <message>Job started</message>
  <id>791b4423-5ec5-45d6-b401-f6c11c435769</id>
</webresult>

<webresult>
  <result>OK</result>
  <message>Job started</message>
  <id>1b68433d-0b85-48bf-be13-442d1e2e7a0e</id>
</webresult>

<webresult>
  <result>OK</result>
  <message>Job started</message>
  <id>f6266a9a-ea11-43d3-a44d-f6ea87a8d306</id>
</webresult>

<webresult>
  <result>OK</result>
  <message>Job started</message>
  <id>7503d0c9-1a19-485b-8e08-6f02d1303764</id>
</webresult>

